\BOOKMARK [1][-]{section.1}{\376\377\0001\000\040\000I\000N\000T\000R\000O\000D\000U\000C\000T\000I\000O\000N}{}% 1
\BOOKMARK [1][-]{section.2}{\376\377\0002\000\040\000M\000A\000T\000E\000R\000I\000A\000L\000\040\000A\000N\000D\000\040\000M\000E\000T\000H\000O\000D\000S\000\040}{}% 2
\BOOKMARK [2][-]{subsection.2.1}{\376\377\0002\000.\0001\000\040\000M\000A\000T\000E\000R\000I\000A\000L}{section.2}% 3
\BOOKMARK [3][-]{subsubsection.2.1.1}{\376\377\0002\000.\0001\000.\0001\000\040\000D\000e\000t\000e\000r\000m\000i\000n\000i\000s\000t\000i\000c\000\040\000m\000o\000d\000e\000l\000\040\000f\000o\000r\000\040\000m\000a\000n\000y\000\040\000s\000u\000b\000p\000o\000p\000u\000l\000a\000t\000i\000o\000n\000s}{subsection.2.1}% 4
\BOOKMARK [3][-]{subsubsection.2.1.2}{\376\377\0002\000.\0001\000.\0002\000\040\000S\000t\000o\000c\000h\000a\000s\000t\000i\000c\000\040\000m\000o\000d\000e\000l\000\040\000f\000o\000r\000\040\000m\000a\000n\000y\000\040\000s\000u\000b\000p\000o\000p\000u\000l\000a\000t\000i\000o\000n\000s}{subsection.2.1}% 5
\BOOKMARK [3][-]{subsubsection.2.1.3}{\376\377\0002\000.\0001\000.\0003\000\040\000S\000p\000a\000t\000i\000a\000l\000\040\000s\000t\000r\000u\000c\000t\000u\000r\000e\000s}{subsection.2.1}% 6
\BOOKMARK [2][-]{subsection.2.2}{\376\377\0002\000.\0002\000\040\000M\000E\000T\000H\000O\000D}{section.2}% 7
\BOOKMARK [3][-]{subsubsection.2.2.1}{\376\377\0002\000.\0002\000.\0001\000\040\000S\000t\000a\000t\000i\000o\000n\000a\000r\000y\000\040\000d\000i\000s\000t\000r\000i\000b\000u\000t\000i\000o\000n\000\040\000i\000n\000\040\000m\000e\000t\000a\000p\000o\000p\000u\000l\000a\000t\000i\000o\000n}{subsection.2.2}% 8
\BOOKMARK [3][-]{subsubsection.2.2.2}{\376\377\0002\000.\0002\000.\0002\000\040\000G\000l\000o\000b\000a\000l\000\040\000p\000e\000r\000s\000i\000s\000t\000e\000n\000c\000e\000\040\000i\000n\000\040\000a\000\040\000m\000e\000t\000a\000p\000o\000p\000u\000l\000a\000t\000i\000o\000n}{subsection.2.2}% 9
\BOOKMARK [3][-]{subsubsection.2.2.3}{\376\377\0002\000.\0002\000.\0003\000\040\000C\000h\000a\000r\000a\000c\000t\000e\000r\000i\000z\000a\000t\000i\000o\000n\000\040\000o\000f\000\040\000s\000y\000n\000c\000h\000r\000o\000n\000y}{subsection.2.2}% 10
\BOOKMARK [2][-]{subsection.2.3}{\376\377\0002\000.\0003\000\040\000P\000l\000a\000n\000\040\000o\000f\000\040\000e\000x\000p\000e\000r\000i\000e\000n\000c\000e}{section.2}% 11
\BOOKMARK [3][-]{subsubsection.2.3.1}{\376\377\0002\000.\0003\000.\0001\000\040\000Q\000u\000a\000n\000t\000i\000f\000y\000i\000n\000g\000\040\000d\000i\000s\000e\000a\000s\000e\000\040\000p\000e\000r\000s\000i\000s\000t\000e\000n\000c\000e\000\040\000i\000n\000\040\000t\000h\000e\000\040\000s\000i\000m\000p\000l\000e\000s\000t\000\040\000m\000e\000t\000a\000p\000o\000p\000u\000l\000a\000t\000i\000o\000n\000\040}{subsection.2.3}% 12
\BOOKMARK [3][-]{subsubsection.2.3.2}{\376\377\0002\000.\0003\000.\0002\000\040\000Q\000u\000a\000n\000t\000i\000f\000y\000i\000n\000g\000\040\000g\000l\000o\000b\000a\000l\000\040\000e\000x\000t\000i\000n\000c\000t\000i\000o\000n\000\040\000a\000n\000d\000\040\000a\000s\000y\000n\000c\000h\000r\000o\000n\000y\000\040\000l\000e\000v\000e\000l\000\040\000m\000a\000x}{subsection.2.3}% 13
\BOOKMARK [3][-]{subsubsection.2.3.3}{\376\377\0002\000.\0003\000.\0003\000\040\000I\000n\000f\000l\000u\000e\000n\000c\000e\000\040\000o\000f\000\040\000o\000t\000h\000e\000r\000\040\000p\000a\000r\000a\000m\000e\000t\000e\000r\000s\000\040\000o\000n\000\040\000t\000h\000e\000\040\000m\000a\000s\000s\000\040\000e\000x\000t\000i\000n\000c\000t\000i\000o\000n\000\040\000r\000a\000t\000e}{subsection.2.3}% 14
\BOOKMARK [3][-]{subsubsection.2.3.4}{\376\377\0002\000.\0003\000.\0004\000\040\000S\000t\000o\000c\000h\000a\000s\000t\000i\000c\000\040\000m\000e\000t\000a\000p\000o\000p\000u\000l\000a\000t\000i\000o\000n\000\040\000s\000i\000m\000u\000l\000a\000t\000i\000o\000n\000s}{subsection.2.3}% 15
\BOOKMARK [1][-]{section.3}{\376\377\0003\000\040\000R\000E\000S\000U\000L\000T}{}% 16
\BOOKMARK [2][-]{subsection.3.1}{\376\377\0003\000.\0001\000\040\000Q\000u\000a\000n\000t\000i\000f\000y\000i\000n\000g\000\040\000d\000i\000s\000e\000a\000s\000e\000\040\000p\000e\000r\000s\000i\000s\000t\000e\000n\000c\000e\000\040\000i\000n\000\040\000t\000h\000e\000\040\000s\000i\000m\000p\000l\000e\000s\000t\000\040\000m\000e\000t\000a\000p\000o\000p\000u\000l\000a\000t\000i\000o\000n}{section.3}% 17
\BOOKMARK [2][-]{subsection.3.2}{\376\377\0003\000.\0002\000\040\000Q\000u\000a\000n\000t\000i\000f\000y\000i\000n\000g\000\040\000g\000l\000o\000b\000a\000l\000\040\000e\000x\000t\000i\000n\000c\000t\000i\000o\000n\000\040\000r\000a\000t\000e\000\040\000a\000n\000d\000\040\000a\000s\000y\000n\000c\000h\000r\000o\000n\000y\000\040\000l\000e\000v\000e\000l\000\040\000m\000a\000x}{section.3}% 18
\BOOKMARK [2][-]{subsection.3.3}{\376\377\0003\000.\0003\000\040\000I\000n\000f\000l\000u\000e\000n\000c\000e\000\040\000o\000f\000\040\000o\000t\000h\000e\000r\000\040\000p\000a\000r\000a\000m\000e\000t\000e\000r\000s\000\040\000o\000n\000\040\000g\000l\000o\000b\000a\000l\000\040\000e\000x\000t\000i\000n\000c\000t\000i\000o\000n\000\040\000r\000a\000t\000e}{section.3}% 19
\BOOKMARK [3][-]{subsubsection.3.3.1}{\376\377\0003\000.\0003\000.\0001\000\040\000N\000u\000m\000b\000e\000r\000\040\000o\000f\000\040\000s\000u\000b\000p\000o\000p\000u\000l\000a\000t\000i\000o\000n\000\040\000i\000n\000\040\000a\000\040\000m\000e\000t\000a\000p\000o\000p\000u\000l\000a\000t\000i\000o\000n}{subsection.3.3}% 20
\BOOKMARK [3][-]{subsubsection.3.3.2}{\376\377\0003\000.\0003\000.\0002\000\040\000I\000n\000f\000l\000u\000e\000n\000c\000e\000\040\000o\000f\000\040\000t\000h\000e\000\040\000m\000e\000t\000a\000p\000o\000p\000u\000l\000a\000t\000i\000o\000n\000\040\000s\000i\000z\000e}{subsection.3.3}% 21
\BOOKMARK [3][-]{subsubsection.3.3.3}{\376\377\0003\000.\0003\000.\0003\000\040\000C\000o\000u\000p\000l\000i\000n\000g\000\040\000r\000a\000t\000e}{subsection.3.3}% 22
\BOOKMARK [1][-]{section.4}{\376\377\0004\000\040\000D\000i\000s\000c\000u\000s\000s\000i\000o\000n\000\040\000a\000n\000d\000\040\000C\000o\000n\000c\000l\000u\000s\000i\000o\000n}{}% 23
\BOOKMARK [1][-]{section.5}{\376\377\0005\000\040\000A\000p\000p\000e\000n\000d\000i\000x\000\040\000:\000\040\000e\000q\000u\000i\000l\000i\000b\000r\000i\000u\000m\000\040\000v\000a\000l\000u\000e\000s\000\040\000o\000f\000\040\000t\000h\000e\000\040\000s\000y\000s\000t\000e\000m\000\040\0001\040\023\0004}{}% 24
\BOOKMARK [1][-]{section.6}{\376\377\0006\000\040\000A\000p\000p\000e\000n\000d\000i\000x\000:\000\040\000d\000e\000r\000i\000v\000a\000t\000i\000o\000n\000\040\000o\000f\000\040\000t\000h\000e\000\040\000e\000q\000u\000a\000t\000i\000o\000n\000\040\0005}{}% 25
\BOOKMARK [2][-]{subsection.6.1}{\376\377\0006\000.\0001\000\040\000N\000o\000t\000a\000t\000i\000o\000n\000\040\000:}{section.6}% 26
\BOOKMARK [2][-]{subsection.6.2}{\376\377\0006\000.\0002\000\040\000T\000h\000e\000\040\000b\000a\000c\000k\000g\000r\000o\000u\000n\000d}{section.6}% 27
\BOOKMARK [2][-]{subsection.6.3}{\376\377\0006\000.\0003\000\040\000S\000t\000u\000d\000y\000\040\000o\000f\000\040\000c\000a\000s\000e\000\040\000w\000h\000e\000r\000e\000\040\000a\000g\000e\000n\000t\000\040\000x\000\040\000n\000a\000t\000i\000v\000e\000\040\000f\000r\000o\000m\000\040\000s\000u\000b\000p\000o\000p\000u\000l\000a\000t\000i\000o\000n\000\040\000i\000\040\000v\000i\000s\000i\000t\000s\000\040\000s\000u\000b\000p\000o\000p\000u\000l\000a\000t\000i\000o\000n\000\040\000j}{section.6}% 28
\BOOKMARK [3][-]{subsubsection.6.3.1}{\376\377\0006\000.\0003\000.\0001\000\040\000T\000h\000e\000\040\000i\000n\000t\000e\000r\000p\000r\000e\000t\000a\000t\000i\000o\000n\000\040\000N\000I\000I\000F}{subsection.6.3}% 29
\BOOKMARK [3][-]{subsubsection.6.3.2}{\376\377\0006\000.\0003\000.\0002\000\040\000T\000h\000e\000\040\000i\000n\000t\000e\000r\000p\000r\000e\000t\000a\000t\000i\000o\000n\000\040\000O\000I\000I\000F}{subsection.6.3}% 30
\BOOKMARK [2][-]{subsection.6.4}{\376\377\0006\000.\0004\000\040\000F\000i\000n\000a\000l\000\040\000F\000o\000r\000m\000u\000l\000a}{section.6}% 31
