* installing *source* package ‘dizzysNewInfec’ ...
** libs
make: Nothing to be done for `all'.
make: `symbols.rds' is up to date.
installing to /home/tran/Desktop/These_TTCGIANG/THESE_GitHub/CODE_dizzys/refreshDIZZYS_2015_10_23/lan2/dizzysNewInfec.Rcheck/dizzysNewInfec/libs
** R
** demo
** inst
** preparing package for lazy loading
** help
*** installing help indices
** building package indices
** testing if installed package can be loaded
Error in dyn.load(file, DLLpath = DLLpath, ...) : 
  unable to load shared object '/home/tran/Desktop/These_TTCGIANG/THESE_GitHub/CODE_dizzys/refreshDIZZYS_2015_10_23/lan2/dizzysNewInfec.Rcheck/dizzysNewInfec/libs/dizzysNewInfec.so':
  /home/tran/Desktop/These_TTCGIANG/THESE_GitHub/CODE_dizzys/refreshDIZZYS_2015_10_23/lan2/dizzysNewInfec.Rcheck/dizzysNewInfec/libs/dizzysNewInfec.so: undefined symbol: _Z15simulerSEIRYANNidddPPmddPddddddPS1_S2_S2_S2_S2_
Error: loading failed
Execution halted
ERROR: loading failed
* removing ‘/home/tran/Desktop/These_TTCGIANG/THESE_GitHub/CODE_dizzys/refreshDIZZYS_2015_10_23/lan2/dizzysNewInfec.Rcheck/dizzysNewInfec’
