Hmm ... looks like a package

This is pdfTeX, Version 3.1415926-2.5-1.40.14 (TeX Live 2013/Debian)
 restricted \write18 enabled.
entering extended mode
LaTeX2e <2011/06/27>
Babel <3.9h> and hyphenation patterns for 78 languages loaded.
(./Rd2.tex
(/usr/share/texlive/texmf-dist/tex/latex/base/book.cls
Document Class: book 2007/10/19 v1.4h Standard LaTeX document class
(/usr/share/texlive/texmf-dist/tex/latex/base/bk10.clo))
(/usr/share/R/share/texmf/tex/latex/Rd.sty
(/usr/share/texlive/texmf-dist/tex/latex/base/ifthen.sty)
(/usr/share/texlive/texmf-dist/tex/latex/tools/longtable.sty)
(/usr/share/texlive/texmf-dist/tex/latex/tools/bm.sty)
(/usr/share/texlive/texmf-dist/tex/latex/base/alltt.sty)
(/usr/share/texlive/texmf-dist/tex/latex/tools/verbatim.sty)
(/usr/share/texlive/texmf-dist/tex/latex/url/url.sty)
(/usr/share/texlive/texmf-dist/tex/latex/base/textcomp.sty
(/usr/share/texlive/texmf-dist/tex/latex/base/ts1enc.def))
(/usr/share/texlive/texmf-dist/tex/latex/base/fontenc.sty
(/usr/share/texlive/texmf-dist/tex/latex/base/t1enc.def))
(/usr/share/texlive/texmf-dist/tex/latex/psnfss/times.sty)
(/usr/share/texlive/texmf-dist/tex/latex/inconsolata/zi4.sty
(/usr/share/texlive/texmf-dist/tex/latex/graphics/keyval.sty))
(/usr/share/texlive/texmf-dist/tex/latex/graphics/color.sty
(/usr/share/texlive/texmf-dist/tex/latex/latexconfig/color.cfg)
(/usr/share/texlive/texmf-dist/tex/latex/pdftex-def/pdftex.def
(/usr/share/texlive/texmf-dist/tex/generic/oberdiek/infwarerr.sty)
(/usr/share/texlive/texmf-dist/tex/generic/oberdiek/ltxcmds.sty)))
(/usr/share/texlive/texmf-dist/tex/latex/hyperref/hyperref.sty
(/usr/share/texlive/texmf-dist/tex/generic/oberdiek/hobsub-hyperref.sty
(/usr/share/texlive/texmf-dist/tex/generic/oberdiek/hobsub-generic.sty))
(/usr/share/texlive/texmf-dist/tex/generic/ifxetex/ifxetex.sty)
(/usr/share/texlive/texmf-dist/tex/latex/oberdiek/auxhook.sty)
(/usr/share/texlive/texmf-dist/tex/latex/oberdiek/kvoptions.sty)
(/usr/share/texlive/texmf-dist/tex/latex/hyperref/pd1enc.def)
(/usr/share/texlive/texmf-dist/tex/latex/latexconfig/hyperref.cfg))

Package hyperref Message: Driver (autodetected): hpdftex.

(/usr/share/texlive/texmf-dist/tex/latex/hyperref/hpdftex.def
(/usr/share/texlive/texmf-dist/tex/latex/oberdiek/rerunfilecheck.sty))

Package hyperref Warning: Option `hyperindex' has already been used,
(hyperref)                setting the option has no effect on input line 366.


Package hyperref Warning: Option `pagebackref' has already been used,
(hyperref)                setting the option has no effect on input line 366.

) (/usr/share/texlive/texmf-dist/tex/latex/base/makeidx.sty)
(/usr/share/texlive/texmf-dist/tex/latex/base/inputenc.sty
(/usr/share/texlive/texmf-dist/tex/latex/base/utf8.def
(/usr/share/texlive/texmf-dist/tex/latex/base/t1enc.dfu)
(/usr/share/texlive/texmf-dist/tex/latex/base/ot1enc.dfu)
(/usr/share/texlive/texmf-dist/tex/latex/base/omsenc.dfu)
(/usr/share/texlive/texmf-dist/tex/latex/base/ts1enc.dfu))
(/usr/share/texlive/texmf-dist/tex/latex/base/latin1.def))
Writing index file Rd2.idx
No file Rd2.aux.
(/usr/share/texlive/texmf-dist/tex/latex/base/ts1cmr.fd)
(/usr/share/texlive/texmf-dist/tex/latex/psnfss/t1ptm.fd)
(/usr/share/texlive/texmf-dist/tex/context/base/supp-pdf.mkii
[Loading MPS to PDF converter (version 2006.09.02).]
) (/usr/share/texlive/texmf-dist/tex/latex/hyperref/nameref.sty
(/usr/share/texlive/texmf-dist/tex/generic/oberdiek/gettitlestring.sty))
(/usr/share/texlive/texmf-dist/tex/latex/inconsolata/t1zi4.fd)
(/usr/share/texlive/texmf-dist/tex/latex/psnfss/ts1ptm.fd)
(/usr/share/texlive/texmf-dist/tex/latex/psnfss/t1phv.fd)
(/usr/share/texlive/texmf-dist/tex/latex/base/utf8.def) [1{/var/lib/texmf/fonts
/map/pdftex/updmap/pdftex.map}]
(/usr/share/texlive/texmf-dist/tex/latex/base/utf8.def) [2]
(/usr/share/texlive/texmf-dist/tex/latex/base/utf8.def)
Overfull \hbox (109.78088pt too wide) in paragraph at lines 131--131
 []\T1/zi4/m/n/10 detSEIRNewInfec(nbVilles=1,duration=10*365,unitTIME=1,S=NULL,
E=NULL,I=NULL,R=NULL,N=1e7,periDISE=365,[] 

Overfull \hbox (79.78088pt too wide) in paragraph at lines 132--132
 []\T1/zi4/m/n/10 mu=1/(70*365),nbCONTACT0=300,nbCONTACT1=.1,probINFECTER=0.01,
sigma=1/8,gamma=1/5,phiPHASE=c(0))[] 
[3] [4] (/usr/share/texlive/texmf-dist/tex/latex/base/utf8.def)
Overfull \hbox (85.78088pt too wide) in paragraph at lines 202--202
 []    \T1/zi4/m/n/10 nbCONTACT0=300,nbCONTACT1=.1,probINFECTER=0.1,sigma=1/7,g
amma=1/7,phiPHASE=c(0),periDISE=365)[] 
[5]
Overfull \hbox (8.77757pt too wide) in paragraph at lines 227--228
[]\T1/ptm/m/n/10 dS/dt = mu*N - nbCON-TACT0 * (1 + nbCON-TACT1 * cos(2 * pi * t
 / periDISE + phiPHASE))*log[1-

Overfull \hbox (7.58662pt too wide) in paragraph at lines 236--237
\T1/ptm/m/n/10 forced epi-demi-o-log-i-cal sys-tem is found in two steps. First
 the en-demic equi-li-bium point (S*,E*,I*,R*)
[6] (/usr/share/texlive/texmf-dist/tex/latex/inconsolata/ts1zi4.fd)
Overfull \hbox (37.68091pt too wide) in paragraph at lines 269--269
 []    \T1/zi4/m/n/9 nbCONTACT0=300,nbCONTACT1=.1,probINFECTER=0.1,sigma=1/7,ga
mma=1/7,phiPHASE=c(0),periDISE=365)[] 
(/usr/share/texlive/texmf-dist/tex/latex/base/utf8.def)
Overfull \hbox (54.78088pt too wide) in paragraph at lines 284--284
 []\T1/zi4/m/n/10 globSEIRNewInfec(typeSIMU="stoch",duration=5*365,method="dire
ct",unitTIME=1,mu=1/(70*365),[] 

Overfull \hbox (9.78088pt too wide) in paragraph at lines 287--287
 []\T1/zi4/m/n/10 periDISE=365,phiPHASE=c(0),nbVilles=1,seed=as.numeric(Sys.tim
e()),typeRNG="good",[] 
[7]
Overfull \hbox (15.71805pt too wide) in paragraph at lines 326--327
[]\T1/ptm/b/n/10 mu, nbCON-TACT0, nbCON-TACT1,probINFECTER,probVISITER, sigma, 
gamma, phiPHASE\T1/ptm/m/n/10 :
[8] (/usr/share/texlive/texmf-dist/tex/latex/base/utf8.def) [9] [10]
Overfull \hbox (149.28088pt too wide) in paragraph at lines 431--431
 []\T1/zi4/m/n/9 plot(globSEIRSimulNewInfec(sto,typeSIMU="stoch",continue=TRUE,
duration=5*365,nbCONTACT1=0,phiPHASE=c(pi/2,0)),col=c(1,2))[] 

Overfull \hbox (77.28088pt too wide) in paragraph at lines 434--434
 []\T1/zi4/m/n/9 plot(globSEIRSimulNewInfec(det,typeSIMU="deter",continue=TRUE,
duration=5*365,nbCONTACT1=0.1,phiPHASE=pi))[] 
(/usr/share/texlive/texmf-dist/tex/latex/base/utf8.def) [11] [12]
(/usr/share/texlive/texmf-dist/tex/latex/base/utf8.def) [13]
(/usr/share/texlive/texmf-dist/tex/latex/base/utf8.def)
Overfull \hbox (11.03754pt too wide) in paragraph at lines 576--577
\T1/ptm/m/n/10 on the slot 'per-sis-tence' of the ob-ject. In the other side, i
f curvetype=="population",
[14] (/usr/share/texlive/texmf-dist/tex/latex/base/utf8.def)pdfTeX warning (ext
4): destination with the same identifier (name{Rfn.plot}) has been already used
, duplicate ignored
<to be read again> 
                   \relax 
l.611 \aliasA{plot}{plot.seirNewInfec}{plot}
                                             [15] [16]
Overfull \hbox (125.88092pt too wide) in paragraph at lines 669--669
 []\T1/zi4/m/n/9 plot(obj,z="S",col=c("red","blue"),lwd=2,xlab="time (day)", yl
ab="number of infectives",zlab="number of susceptible")[] 

Overfull \hbox (332.88092pt too wide) in paragraph at lines 671--671
 []\T1/zi4/m/n/9 #plot(obj,z="S",col=c("red","blue"),lwd=2,proj=list(c("time","
P"),c("time","S")),box=F,xlab="time (day)", ylab="number of infectives",zlab="n
umber of susceptible")[] 
(/usr/share/texlive/texmf-dist/tex/latex/base/utf8.def) [17]
(/usr/share/texlive/texmf-dist/tex/latex/base/utf8.def)
Overfull \hbox (164.78088pt too wide) in paragraph at lines 745--745
 []\T1/zi4/m/n/10 stoSEIRNewInfec(sigma=1/8,gamma=1/5,mu=1/(70*365),seed=as.num
eric(Sys.time()),S=NULL,E=NULL,I=NULL,R=NULL,N=1e5,[] 

Overfull \hbox (40.78088pt too wide) in paragraph at lines 747--747
 []\T1/zi4/m/n/10 probVISITER=0.01, probINFECTER=0.01, duration=1000, nbVilles=
2, unitTIME=1,periDISE=365,[] 
[18] [19]
Overfull \hbox (15.43816pt too wide) in paragraph at lines 787--788
[]\T1/ptm/b/n/10 mu, nbCON-TACT0, nbCON-TACT1,probINFECTER,probVISITER, sigma, 
gamma, phiPHASE,
No file Rd2.ind.
[20] (./Rd2.aux)

Package rerunfilecheck Warning: File `Rd2.out' has changed.
(rerunfilecheck)                Rerun to get outlines right
(rerunfilecheck)                or use package `bookmark'.

 )
(see the transcript file for additional information){/usr/share/texlive/texmf-d
ist/fonts/enc/dvips/inconsolata/i4-ts1.enc}{/usr/share/texlive/texmf-dist/fonts
/enc/dvips/base/8r.enc}{/usr/share/texlive/texmf-dist/fonts/enc/dvips/inconsola
ta/i4-t1-0.enc}</usr/share/texlive/texmf-dist/fonts/type1/public/inconsolata/In
consolata-zi4r.pfb></usr/share/texlive/texmf-dist/fonts/type1/urw/helvetic/uhvr
8a.pfb></usr/share/texlive/texmf-dist/fonts/type1/urw/times/utmb8a.pfb></usr/sh
are/texlive/texmf-dist/fonts/type1/urw/times/utmr8a.pfb></usr/share/texlive/tex
mf-dist/fonts/type1/urw/times/utmr8a.pfb></usr/share/texlive/texmf-dist/fonts/t
ype1/urw/times/utmri8a.pfb>
Output written on Rd2.pdf (20 pages, 114576 bytes).
Transcript written on Rd2.log.
This is makeindex, version 2.15 [TeX Live 2013] (kpathsea + Thai support).
Scanning input file Rd2.idx....done (35 entries accepted, 0 rejected).
Sorting entries....done (177 comparisons).
Generating output file Rd2.ind....done (80 lines written, 0 warnings).
Output written in Rd2.ind.
Transcript written in Rd2.ilg.
This is pdfTeX, Version 3.1415926-2.5-1.40.14 (TeX Live 2013/Debian)
 restricted \write18 enabled.
entering extended mode
LaTeX2e <2011/06/27>
Babel <3.9h> and hyphenation patterns for 78 languages loaded.
(./Rd2.tex
(/usr/share/texlive/texmf-dist/tex/latex/base/book.cls
Document Class: book 2007/10/19 v1.4h Standard LaTeX document class
(/usr/share/texlive/texmf-dist/tex/latex/base/bk10.clo))
(/usr/share/R/share/texmf/tex/latex/Rd.sty
(/usr/share/texlive/texmf-dist/tex/latex/base/ifthen.sty)
(/usr/share/texlive/texmf-dist/tex/latex/tools/longtable.sty)
(/usr/share/texlive/texmf-dist/tex/latex/tools/bm.sty)
(/usr/share/texlive/texmf-dist/tex/latex/base/alltt.sty)
(/usr/share/texlive/texmf-dist/tex/latex/tools/verbatim.sty)
(/usr/share/texlive/texmf-dist/tex/latex/url/url.sty)
(/usr/share/texlive/texmf-dist/tex/latex/base/textcomp.sty
(/usr/share/texlive/texmf-dist/tex/latex/base/ts1enc.def))
(/usr/share/texlive/texmf-dist/tex/latex/base/fontenc.sty
(/usr/share/texlive/texmf-dist/tex/latex/base/t1enc.def))
(/usr/share/texlive/texmf-dist/tex/latex/psnfss/times.sty)
(/usr/share/texlive/texmf-dist/tex/latex/inconsolata/zi4.sty
(/usr/share/texlive/texmf-dist/tex/latex/graphics/keyval.sty))
(/usr/share/texlive/texmf-dist/tex/latex/graphics/color.sty
(/usr/share/texlive/texmf-dist/tex/latex/latexconfig/color.cfg)
(/usr/share/texlive/texmf-dist/tex/latex/pdftex-def/pdftex.def
(/usr/share/texlive/texmf-dist/tex/generic/oberdiek/infwarerr.sty)
(/usr/share/texlive/texmf-dist/tex/generic/oberdiek/ltxcmds.sty)))
(/usr/share/texlive/texmf-dist/tex/latex/hyperref/hyperref.sty
(/usr/share/texlive/texmf-dist/tex/generic/oberdiek/hobsub-hyperref.sty
(/usr/share/texlive/texmf-dist/tex/generic/oberdiek/hobsub-generic.sty))
(/usr/share/texlive/texmf-dist/tex/generic/ifxetex/ifxetex.sty)
(/usr/share/texlive/texmf-dist/tex/latex/oberdiek/auxhook.sty)
(/usr/share/texlive/texmf-dist/tex/latex/oberdiek/kvoptions.sty)
(/usr/share/texlive/texmf-dist/tex/latex/hyperref/pd1enc.def)
(/usr/share/texlive/texmf-dist/tex/latex/latexconfig/hyperref.cfg))

Package hyperref Message: Driver (autodetected): hpdftex.

(/usr/share/texlive/texmf-dist/tex/latex/hyperref/hpdftex.def
(/usr/share/texlive/texmf-dist/tex/latex/oberdiek/rerunfilecheck.sty))

Package hyperref Warning: Option `hyperindex' has already been used,
(hyperref)                setting the option has no effect on input line 366.


Package hyperref Warning: Option `pagebackref' has already been used,
(hyperref)                setting the option has no effect on input line 366.

) (/usr/share/texlive/texmf-dist/tex/latex/base/makeidx.sty)
(/usr/share/texlive/texmf-dist/tex/latex/base/inputenc.sty
(/usr/share/texlive/texmf-dist/tex/latex/base/utf8.def
(/usr/share/texlive/texmf-dist/tex/latex/base/t1enc.dfu)
(/usr/share/texlive/texmf-dist/tex/latex/base/ot1enc.dfu)
(/usr/share/texlive/texmf-dist/tex/latex/base/omsenc.dfu)
(/usr/share/texlive/texmf-dist/tex/latex/base/ts1enc.dfu))
(/usr/share/texlive/texmf-dist/tex/latex/base/latin1.def))
Writing index file Rd2.idx
(./Rd2.aux) (/usr/share/texlive/texmf-dist/tex/latex/base/ts1cmr.fd)
(/usr/share/texlive/texmf-dist/tex/latex/psnfss/t1ptm.fd)
(/usr/share/texlive/texmf-dist/tex/context/base/supp-pdf.mkii
[Loading MPS to PDF converter (version 2006.09.02).]
) (/usr/share/texlive/texmf-dist/tex/latex/hyperref/nameref.sty
(/usr/share/texlive/texmf-dist/tex/generic/oberdiek/gettitlestring.sty))
(./Rd2.out) (./Rd2.out)
(/usr/share/texlive/texmf-dist/tex/latex/inconsolata/t1zi4.fd)
(/usr/share/texlive/texmf-dist/tex/latex/psnfss/ts1ptm.fd)
(/usr/share/texlive/texmf-dist/tex/latex/psnfss/t1phv.fd) (./Rd2.toc [1{/var/li
b/texmf/fonts/map/pdftex/updmap/pdftex.map}])
(/usr/share/texlive/texmf-dist/tex/latex/base/utf8.def)
(/usr/share/texlive/texmf-dist/tex/latex/base/utf8.def) [2]
(/usr/share/texlive/texmf-dist/tex/latex/base/utf8.def) [3]
Overfull \hbox (109.78088pt too wide) in paragraph at lines 131--131
 []\T1/zi4/m/n/10 detSEIRNewInfec(nbVilles=1,duration=10*365,unitTIME=1,S=NULL,
E=NULL,I=NULL,R=NULL,N=1e7,periDISE=365,[] 

Overfull \hbox (79.78088pt too wide) in paragraph at lines 132--132
 []\T1/zi4/m/n/10 mu=1/(70*365),nbCONTACT0=300,nbCONTACT1=.1,probINFECTER=0.01,
sigma=1/8,gamma=1/5,phiPHASE=c(0))[] 
[4] (/usr/share/texlive/texmf-dist/tex/latex/base/utf8.def)
Overfull \hbox (85.78088pt too wide) in paragraph at lines 202--202
 []    \T1/zi4/m/n/10 nbCONTACT0=300,nbCONTACT1=.1,probINFECTER=0.1,sigma=1/7,g
amma=1/7,phiPHASE=c(0),periDISE=365)[] 
[5]
Overfull \hbox (8.77757pt too wide) in paragraph at lines 227--228
[]\T1/ptm/m/n/10 dS/dt = mu*N - nbCON-TACT0 * (1 + nbCON-TACT1 * cos(2 * pi * t
 / periDISE + phiPHASE))*log[1-

Overfull \hbox (7.58662pt too wide) in paragraph at lines 236--237
\T1/ptm/m/n/10 forced epi-demi-o-log-i-cal sys-tem is found in two steps. First
 the en-demic equi-li-bium point (S*,E*,I*,R*)
[6] (/usr/share/texlive/texmf-dist/tex/latex/inconsolata/ts1zi4.fd)
Overfull \hbox (37.68091pt too wide) in paragraph at lines 269--269
 []    \T1/zi4/m/n/9 nbCONTACT0=300,nbCONTACT1=.1,probINFECTER=0.1,sigma=1/7,ga
mma=1/7,phiPHASE=c(0),periDISE=365)[] 
(/usr/share/texlive/texmf-dist/tex/latex/base/utf8.def)
Overfull \hbox (54.78088pt too wide) in paragraph at lines 284--284
 []\T1/zi4/m/n/10 globSEIRNewInfec(typeSIMU="stoch",duration=5*365,method="dire
ct",unitTIME=1,mu=1/(70*365),[] 

Overfull \hbox (9.78088pt too wide) in paragraph at lines 287--287
 []\T1/zi4/m/n/10 periDISE=365,phiPHASE=c(0),nbVilles=1,seed=as.numeric(Sys.tim
e()),typeRNG="good",[] 
[7] [8]
Overfull \hbox (15.71805pt too wide) in paragraph at lines 326--327
[]\T1/ptm/b/n/10 mu, nbCON-TACT0, nbCON-TACT1,probINFECTER,probVISITER, sigma, 
gamma, phiPHASE\T1/ptm/m/n/10 :
(/usr/share/texlive/texmf-dist/tex/latex/base/utf8.def) [9] [10] [11]
Overfull \hbox (149.28088pt too wide) in paragraph at lines 431--431
 []\T1/zi4/m/n/9 plot(globSEIRSimulNewInfec(sto,typeSIMU="stoch",continue=TRUE,
duration=5*365,nbCONTACT1=0,phiPHASE=c(pi/2,0)),col=c(1,2))[] 

Overfull \hbox (77.28088pt too wide) in paragraph at lines 434--434
 []\T1/zi4/m/n/9 plot(globSEIRSimulNewInfec(det,typeSIMU="deter",continue=TRUE,
duration=5*365,nbCONTACT1=0.1,phiPHASE=pi))[] 
(/usr/share/texlive/texmf-dist/tex/latex/base/utf8.def) [12]
(/usr/share/texlive/texmf-dist/tex/latex/base/utf8.def) [13]
(/usr/share/texlive/texmf-dist/tex/latex/base/utf8.def) [14]
Overfull \hbox (11.03754pt too wide) in paragraph at lines 576--577
\T1/ptm/m/n/10 on the slot 'per-sis-tence' of the ob-ject. In the other side, i
f curvetype=="population",
[15] (/usr/share/texlive/texmf-dist/tex/latex/base/utf8.def)pdfTeX warning (ext
4): destination with the same identifier (name{Rfn.plot}) has been already used
, duplicate ignored
<to be read again> 
                   \relax 
l.611 \aliasA{plot}{plot.seirNewInfec}{plot}
                                             [16]
Overfull \hbox (125.88092pt too wide) in paragraph at lines 669--669
 []\T1/zi4/m/n/9 plot(obj,z="S",col=c("red","blue"),lwd=2,xlab="time (day)", yl
ab="number of infectives",zlab="number of susceptible")[] 

Overfull \hbox (332.88092pt too wide) in paragraph at lines 671--671
 []\T1/zi4/m/n/9 #plot(obj,z="S",col=c("red","blue"),lwd=2,proj=list(c("time","
P"),c("time","S")),box=F,xlab="time (day)", ylab="number of infectives",zlab="n
umber of susceptible")[] 
(/usr/share/texlive/texmf-dist/tex/latex/base/utf8.def) [17] [18]
(/usr/share/texlive/texmf-dist/tex/latex/base/utf8.def)
Overfull \hbox (164.78088pt too wide) in paragraph at lines 745--745
 []\T1/zi4/m/n/10 stoSEIRNewInfec(sigma=1/8,gamma=1/5,mu=1/(70*365),seed=as.num
eric(Sys.time()),S=NULL,E=NULL,I=NULL,R=NULL,N=1e5,[] 

Overfull \hbox (40.78088pt too wide) in paragraph at lines 747--747
 []\T1/zi4/m/n/10 probVISITER=0.01, probINFECTER=0.01, duration=1000, nbVilles=
2, unitTIME=1,periDISE=365,[] 
[19]
Overfull \hbox (15.43816pt too wide) in paragraph at lines 787--788
[]\T1/ptm/b/n/10 mu, nbCON-TACT0, nbCON-TACT1,probINFECTER,probVISITER, sigma, 
gamma, phiPHASE,
[20] (./Rd2.ind [21]

LaTeX Font Warning: Font shape `T1/zi4/m/it' undefined
(Font)              using `T1/zi4/m/n' instead on input line 39.

[22]) (./Rd2.aux)

Package rerunfilecheck Warning: File `Rd2.out' has changed.
(rerunfilecheck)                Rerun to get outlines right
(rerunfilecheck)                or use package `bookmark'.


LaTeX Font Warning: Some font shapes were not available, defaults substituted.

 )
(see the transcript file for additional information){/usr/share/texlive/texmf-d
ist/fonts/enc/dvips/inconsolata/i4-ts1.enc}{/usr/share/texlive/texmf-dist/fonts
/enc/dvips/base/8r.enc}{/usr/share/texlive/texmf-dist/fonts/enc/dvips/inconsola
ta/i4-t1-0.enc}</usr/share/texlive/texmf-dist/fonts/type1/public/inconsolata/In
consolata-zi4r.pfb></usr/share/texlive/texmf-dist/fonts/type1/public/amsfonts/c
m/cmsy10.pfb></usr/share/texlive/texmf-dist/fonts/type1/urw/helvetic/uhvr8a.pfb
></usr/share/texlive/texmf-dist/fonts/type1/urw/times/utmb8a.pfb></usr/share/te
xlive/texmf-dist/fonts/type1/urw/times/utmr8a.pfb></usr/share/texlive/texmf-dis
t/fonts/type1/urw/times/utmr8a.pfb></usr/share/texlive/texmf-dist/fonts/type1/u
rw/times/utmri8a.pfb>
Output written on Rd2.pdf (22 pages, 127733 bytes).
Transcript written on Rd2.log.
This is makeindex, version 2.15 [TeX Live 2013] (kpathsea + Thai support).
Scanning input file Rd2.idx....done (35 entries accepted, 0 rejected).
Sorting entries....done (177 comparisons).
Generating output file Rd2.ind....done (80 lines written, 0 warnings).
Output written in Rd2.ind.
Transcript written in Rd2.ilg.
This is pdfTeX, Version 3.1415926-2.5-1.40.14 (TeX Live 2013/Debian)
 restricted \write18 enabled.
entering extended mode
LaTeX2e <2011/06/27>
Babel <3.9h> and hyphenation patterns for 78 languages loaded.
(./Rd2.tex
(/usr/share/texlive/texmf-dist/tex/latex/base/book.cls
Document Class: book 2007/10/19 v1.4h Standard LaTeX document class
(/usr/share/texlive/texmf-dist/tex/latex/base/bk10.clo))
(/usr/share/R/share/texmf/tex/latex/Rd.sty
(/usr/share/texlive/texmf-dist/tex/latex/base/ifthen.sty)
(/usr/share/texlive/texmf-dist/tex/latex/tools/longtable.sty)
(/usr/share/texlive/texmf-dist/tex/latex/tools/bm.sty)
(/usr/share/texlive/texmf-dist/tex/latex/base/alltt.sty)
(/usr/share/texlive/texmf-dist/tex/latex/tools/verbatim.sty)
(/usr/share/texlive/texmf-dist/tex/latex/url/url.sty)
(/usr/share/texlive/texmf-dist/tex/latex/base/textcomp.sty
(/usr/share/texlive/texmf-dist/tex/latex/base/ts1enc.def))
(/usr/share/texlive/texmf-dist/tex/latex/base/fontenc.sty
(/usr/share/texlive/texmf-dist/tex/latex/base/t1enc.def))
(/usr/share/texlive/texmf-dist/tex/latex/psnfss/times.sty)
(/usr/share/texlive/texmf-dist/tex/latex/inconsolata/zi4.sty
(/usr/share/texlive/texmf-dist/tex/latex/graphics/keyval.sty))
(/usr/share/texlive/texmf-dist/tex/latex/graphics/color.sty
(/usr/share/texlive/texmf-dist/tex/latex/latexconfig/color.cfg)
(/usr/share/texlive/texmf-dist/tex/latex/pdftex-def/pdftex.def
(/usr/share/texlive/texmf-dist/tex/generic/oberdiek/infwarerr.sty)
(/usr/share/texlive/texmf-dist/tex/generic/oberdiek/ltxcmds.sty)))
(/usr/share/texlive/texmf-dist/tex/latex/hyperref/hyperref.sty
(/usr/share/texlive/texmf-dist/tex/generic/oberdiek/hobsub-hyperref.sty
(/usr/share/texlive/texmf-dist/tex/generic/oberdiek/hobsub-generic.sty))
(/usr/share/texlive/texmf-dist/tex/generic/ifxetex/ifxetex.sty)
(/usr/share/texlive/texmf-dist/tex/latex/oberdiek/auxhook.sty)
(/usr/share/texlive/texmf-dist/tex/latex/oberdiek/kvoptions.sty)
(/usr/share/texlive/texmf-dist/tex/latex/hyperref/pd1enc.def)
(/usr/share/texlive/texmf-dist/tex/latex/latexconfig/hyperref.cfg))

Package hyperref Message: Driver (autodetected): hpdftex.

(/usr/share/texlive/texmf-dist/tex/latex/hyperref/hpdftex.def
(/usr/share/texlive/texmf-dist/tex/latex/oberdiek/rerunfilecheck.sty))

Package hyperref Warning: Option `hyperindex' has already been used,
(hyperref)                setting the option has no effect on input line 366.


Package hyperref Warning: Option `pagebackref' has already been used,
(hyperref)                setting the option has no effect on input line 366.

) (/usr/share/texlive/texmf-dist/tex/latex/base/makeidx.sty)
(/usr/share/texlive/texmf-dist/tex/latex/base/inputenc.sty
(/usr/share/texlive/texmf-dist/tex/latex/base/utf8.def
(/usr/share/texlive/texmf-dist/tex/latex/base/t1enc.dfu)
(/usr/share/texlive/texmf-dist/tex/latex/base/ot1enc.dfu)
(/usr/share/texlive/texmf-dist/tex/latex/base/omsenc.dfu)
(/usr/share/texlive/texmf-dist/tex/latex/base/ts1enc.dfu))
(/usr/share/texlive/texmf-dist/tex/latex/base/latin1.def))
Writing index file Rd2.idx
(./Rd2.aux) (/usr/share/texlive/texmf-dist/tex/latex/base/ts1cmr.fd)
(/usr/share/texlive/texmf-dist/tex/latex/psnfss/t1ptm.fd)
(/usr/share/texlive/texmf-dist/tex/context/base/supp-pdf.mkii
[Loading MPS to PDF converter (version 2006.09.02).]
) (/usr/share/texlive/texmf-dist/tex/latex/hyperref/nameref.sty
(/usr/share/texlive/texmf-dist/tex/generic/oberdiek/gettitlestring.sty))
(./Rd2.out) (./Rd2.out)
(/usr/share/texlive/texmf-dist/tex/latex/inconsolata/t1zi4.fd)
(/usr/share/texlive/texmf-dist/tex/latex/psnfss/ts1ptm.fd)
(/usr/share/texlive/texmf-dist/tex/latex/psnfss/t1phv.fd) (./Rd2.toc [1{/var/li
b/texmf/fonts/map/pdftex/updmap/pdftex.map}])
(/usr/share/texlive/texmf-dist/tex/latex/base/utf8.def)
(/usr/share/texlive/texmf-dist/tex/latex/base/utf8.def) [2]
(/usr/share/texlive/texmf-dist/tex/latex/base/utf8.def) [3]
Overfull \hbox (109.78088pt too wide) in paragraph at lines 131--131
 []\T1/zi4/m/n/10 detSEIRNewInfec(nbVilles=1,duration=10*365,unitTIME=1,S=NULL,
E=NULL,I=NULL,R=NULL,N=1e7,periDISE=365,[] 

Overfull \hbox (79.78088pt too wide) in paragraph at lines 132--132
 []\T1/zi4/m/n/10 mu=1/(70*365),nbCONTACT0=300,nbCONTACT1=.1,probINFECTER=0.01,
sigma=1/8,gamma=1/5,phiPHASE=c(0))[] 
[4] (/usr/share/texlive/texmf-dist/tex/latex/base/utf8.def)
Overfull \hbox (85.78088pt too wide) in paragraph at lines 202--202
 []    \T1/zi4/m/n/10 nbCONTACT0=300,nbCONTACT1=.1,probINFECTER=0.1,sigma=1/7,g
amma=1/7,phiPHASE=c(0),periDISE=365)[] 
[5]
Overfull \hbox (8.77757pt too wide) in paragraph at lines 227--228
[]\T1/ptm/m/n/10 dS/dt = mu*N - nbCON-TACT0 * (1 + nbCON-TACT1 * cos(2 * pi * t
 / periDISE + phiPHASE))*log[1-

Overfull \hbox (7.58662pt too wide) in paragraph at lines 236--237
\T1/ptm/m/n/10 forced epi-demi-o-log-i-cal sys-tem is found in two steps. First
 the en-demic equi-li-bium point (S*,E*,I*,R*)
[6] (/usr/share/texlive/texmf-dist/tex/latex/inconsolata/ts1zi4.fd)
Overfull \hbox (37.68091pt too wide) in paragraph at lines 269--269
 []    \T1/zi4/m/n/9 nbCONTACT0=300,nbCONTACT1=.1,probINFECTER=0.1,sigma=1/7,ga
mma=1/7,phiPHASE=c(0),periDISE=365)[] 
(/usr/share/texlive/texmf-dist/tex/latex/base/utf8.def)
Overfull \hbox (54.78088pt too wide) in paragraph at lines 284--284
 []\T1/zi4/m/n/10 globSEIRNewInfec(typeSIMU="stoch",duration=5*365,method="dire
ct",unitTIME=1,mu=1/(70*365),[] 

Overfull \hbox (9.78088pt too wide) in paragraph at lines 287--287
 []\T1/zi4/m/n/10 periDISE=365,phiPHASE=c(0),nbVilles=1,seed=as.numeric(Sys.tim
e()),typeRNG="good",[] 
[7] [8]
Overfull \hbox (15.71805pt too wide) in paragraph at lines 326--327
[]\T1/ptm/b/n/10 mu, nbCON-TACT0, nbCON-TACT1,probINFECTER,probVISITER, sigma, 
gamma, phiPHASE\T1/ptm/m/n/10 :
(/usr/share/texlive/texmf-dist/tex/latex/base/utf8.def) [9] [10] [11]
Overfull \hbox (149.28088pt too wide) in paragraph at lines 431--431
 []\T1/zi4/m/n/9 plot(globSEIRSimulNewInfec(sto,typeSIMU="stoch",continue=TRUE,
duration=5*365,nbCONTACT1=0,phiPHASE=c(pi/2,0)),col=c(1,2))[] 

Overfull \hbox (77.28088pt too wide) in paragraph at lines 434--434
 []\T1/zi4/m/n/9 plot(globSEIRSimulNewInfec(det,typeSIMU="deter",continue=TRUE,
duration=5*365,nbCONTACT1=0.1,phiPHASE=pi))[] 
(/usr/share/texlive/texmf-dist/tex/latex/base/utf8.def) [12]
(/usr/share/texlive/texmf-dist/tex/latex/base/utf8.def) [13]
(/usr/share/texlive/texmf-dist/tex/latex/base/utf8.def) [14]
Overfull \hbox (11.03754pt too wide) in paragraph at lines 576--577
\T1/ptm/m/n/10 on the slot 'per-sis-tence' of the ob-ject. In the other side, i
f curvetype=="population",
[15] (/usr/share/texlive/texmf-dist/tex/latex/base/utf8.def)pdfTeX warning (ext
4): destination with the same identifier (name{Rfn.plot}) has been already used
, duplicate ignored
<to be read again> 
                   \relax 
l.611 \aliasA{plot}{plot.seirNewInfec}{plot}
                                             [16]
Overfull \hbox (125.88092pt too wide) in paragraph at lines 669--669
 []\T1/zi4/m/n/9 plot(obj,z="S",col=c("red","blue"),lwd=2,xlab="time (day)", yl
ab="number of infectives",zlab="number of susceptible")[] 

Overfull \hbox (332.88092pt too wide) in paragraph at lines 671--671
 []\T1/zi4/m/n/9 #plot(obj,z="S",col=c("red","blue"),lwd=2,proj=list(c("time","
P"),c("time","S")),box=F,xlab="time (day)", ylab="number of infectives",zlab="n
umber of susceptible")[] 
(/usr/share/texlive/texmf-dist/tex/latex/base/utf8.def) [17] [18]
(/usr/share/texlive/texmf-dist/tex/latex/base/utf8.def)
Overfull \hbox (164.78088pt too wide) in paragraph at lines 745--745
 []\T1/zi4/m/n/10 stoSEIRNewInfec(sigma=1/8,gamma=1/5,mu=1/(70*365),seed=as.num
eric(Sys.time()),S=NULL,E=NULL,I=NULL,R=NULL,N=1e5,[] 

Overfull \hbox (40.78088pt too wide) in paragraph at lines 747--747
 []\T1/zi4/m/n/10 probVISITER=0.01, probINFECTER=0.01, duration=1000, nbVilles=
2, unitTIME=1,periDISE=365,[] 
[19]
Overfull \hbox (15.43816pt too wide) in paragraph at lines 787--788
[]\T1/ptm/b/n/10 mu, nbCON-TACT0, nbCON-TACT1,probINFECTER,probVISITER, sigma, 
gamma, phiPHASE,
[20] (./Rd2.ind [21]

LaTeX Font Warning: Font shape `T1/zi4/m/it' undefined
(Font)              using `T1/zi4/m/n' instead on input line 39.

[22]) (./Rd2.aux)

LaTeX Font Warning: Some font shapes were not available, defaults substituted.

 )
(see the transcript file for additional information){/usr/share/texlive/texmf-d
ist/fonts/enc/dvips/inconsolata/i4-ts1.enc}{/usr/share/texlive/texmf-dist/fonts
/enc/dvips/base/8r.enc}{/usr/share/texlive/texmf-dist/fonts/enc/dvips/inconsola
ta/i4-t1-0.enc}</usr/share/texlive/texmf-dist/fonts/type1/public/inconsolata/In
consolata-zi4r.pfb></usr/share/texlive/texmf-dist/fonts/type1/public/amsfonts/c
m/cmsy10.pfb></usr/share/texlive/texmf-dist/fonts/type1/urw/helvetic/uhvr8a.pfb
></usr/share/texlive/texmf-dist/fonts/type1/urw/times/utmb8a.pfb></usr/share/te
xlive/texmf-dist/fonts/type1/urw/times/utmr8a.pfb></usr/share/texlive/texmf-dis
t/fonts/type1/urw/times/utmr8a.pfb></usr/share/texlive/texmf-dist/fonts/type1/u
rw/times/utmri8a.pfb>
Output written on Rd2.pdf (22 pages, 127946 bytes).
Transcript written on Rd2.log.
Saving output to 'dizzysNewInfec-manual.pdf' ...
Done
You may want to clean up by 'rm -rf /tmp/RtmpsKAPPY/Rd2pdf5e24395a008c'
